2020-04-13 12:36:23,964(yyyy-mm-dd hh:mm:ss a) [main] DEBUG org.hibernate.SQL -select max(id) from userRegister
2020-04-13 12:36:24,023(yyyy-mm-dd hh:mm:ss a) [main] DEBUG org.hibernate.SQL -insert into userRegister (first_name, last_name, id) values (?, ?, ?)
2020-04-13 12:36:24,028(yyyy-mm-dd hh:mm:ss a) [main] TRACE org.hibernate.type.descriptor.sql.BasicBinder -binding parameter [1] as [VARCHAR] - [Zara]
2020-04-13 12:36:24,028(yyyy-mm-dd hh:mm:ss a) [main] TRACE org.hibernate.type.descriptor.sql.BasicBinder -binding parameter [2] as [VARCHAR] - [Ali]
2020-04-13 12:36:24,029(yyyy-mm-dd hh:mm:ss a) [main] TRACE org.hibernate.type.descriptor.sql.BasicBinder -binding parameter [3] as [INTEGER] - [37]
2020-04-13 12:36:24,443(yyyy-mm-dd hh:mm:ss a) [main] DEBUG org.hibernate.SQL -select max(id) from userRegister
2020-04-13 12:36:24,444(yyyy-mm-dd hh:mm:ss a) [main] DEBUG org.hibernate.SQL -insert into userRegister (first_name, last_name, id) values (?, ?, ?)
2020-04-13 12:36:24,445(yyyy-mm-dd hh:mm:ss a) [main] TRACE org.hibernate.type.descriptor.sql.BasicBinder -binding parameter [1] as [VARCHAR] - [Daisy]
2020-04-13 12:36:24,446(yyyy-mm-dd hh:mm:ss a) [main] TRACE org.hibernate.type.descriptor.sql.BasicBinder -binding parameter [2] as [VARCHAR] - [Das]
2020-04-13 12:36:24,446(yyyy-mm-dd hh:mm:ss a) [main] TRACE org.hibernate.type.descriptor.sql.BasicBinder -binding parameter [3] as [INTEGER] - [38]
2020-04-13 12:36:24,754(yyyy-mm-dd hh:mm:ss a) [main] DEBUG org.hibernate.SQL -select max(id) from userRegister
2020-04-13 12:36:24,756(yyyy-mm-dd hh:mm:ss a) [main] DEBUG org.hibernate.SQL -insert into userRegister (first_name, last_name, id) values (?, ?, ?)
2020-04-13 12:36:24,756(yyyy-mm-dd hh:mm:ss a) [main] TRACE org.hibernate.type.descriptor.sql.BasicBinder -binding parameter [1] as [VARCHAR] - [John]
2020-04-13 12:36:24,757(yyyy-mm-dd hh:mm:ss a) [main] TRACE org.hibernate.type.descriptor.sql.BasicBinder -binding parameter [2] as [VARCHAR] - [Paul]
2020-04-13 12:36:24,757(yyyy-mm-dd hh:mm:ss a) [main] TRACE org.hibernate.type.descriptor.sql.BasicBinder -binding parameter [3] as [INTEGER] - [39]
2020-04-13 12:36:24,844(yyyy-mm-dd hh:mm:ss a) [main] INFO  com.savan.main.UserRegisterMain -success...
2020-04-13 12:36:25,171(yyyy-mm-dd hh:mm:ss a) [main] DEBUG org.hibernate.SQL -select usermodel0_.id as id1_0_, usermodel0_.first_name as first_na2_0_, usermodel0_.last_name as last_nam3_0_ from userRegister usermodel0_
2020-04-13 12:36:25,175(yyyy-mm-dd hh:mm:ss a) [main] TRACE org.hibernate.type.descriptor.sql.BasicExtractor -extracted value ([id1_0_] : [INTEGER]) - [1]
2020-04-13 12:36:25,177(yyyy-mm-dd hh:mm:ss a) [main] TRACE org.hibernate.type.descriptor.sql.BasicExtractor -extracted value ([first_na2_0_] : [VARCHAR]) - [savan]
2020-04-13 12:36:25,177(yyyy-mm-dd hh:mm:ss a) [main] TRACE org.hibernate.type.descriptor.sql.BasicExtractor -extracted value ([last_nam3_0_] : [VARCHAR]) - [vaishnav]
2020-04-13 12:36:25,177(yyyy-mm-dd hh:mm:ss a) [main] TRACE org.hibernate.type.descriptor.sql.BasicExtractor -extracted value ([id1_0_] : [INTEGER]) - [3]
2020-04-13 12:36:25,178(yyyy-mm-dd hh:mm:ss a) [main] TRACE org.hibernate.type.descriptor.sql.BasicExtractor -extracted value ([first_na2_0_] : [VARCHAR]) - [zxc]
2020-04-13 12:36:25,178(yyyy-mm-dd hh:mm:ss a) [main] TRACE org.hibernate.type.descriptor.sql.BasicExtractor -extracted value ([last_nam3_0_] : [VARCHAR]) - [qwe]
2020-04-13 12:36:25,178(yyyy-mm-dd hh:mm:ss a) [main] TRACE org.hibernate.type.descriptor.sql.BasicExtractor -extracted value ([id1_0_] : [INTEGER]) - [4]
2020-04-13 12:36:25,179(yyyy-mm-dd hh:mm:ss a) [main] TRACE org.hibernate.type.descriptor.sql.BasicExtractor -extracted value ([first_na2_0_] : [VARCHAR]) - [Zara]
2020-04-13 12:36:25,179(yyyy-mm-dd hh:mm:ss a) [main] TRACE org.hibernate.type.descriptor.sql.BasicExtractor -extracted value ([last_nam3_0_] : [VARCHAR]) - [Ali]
2020-04-13 12:36:25,179(yyyy-mm-dd hh:mm:ss a) [main] TRACE org.hibernate.type.descriptor.sql.BasicExtractor -extracted value ([id1_0_] : [INTEGER]) - [5]
2020-04-13 12:36:25,179(yyyy-mm-dd hh:mm:ss a) [main] TRACE org.hibernate.type.descriptor.sql.BasicExtractor -extracted value ([first_na2_0_] : [VARCHAR]) - [Daisy]
2020-04-13 12:36:25,180(yyyy-mm-dd hh:mm:ss a) [main] TRACE org.hibernate.type.descriptor.sql.BasicExtractor -extracted value ([last_nam3_0_] : [VARCHAR]) - [Das]
2020-04-13 12:36:25,180(yyyy-mm-dd hh:mm:ss a) [main] TRACE org.hibernate.type.descriptor.sql.BasicExtractor -extracted value ([id1_0_] : [INTEGER]) - [6]
2020-04-13 12:36:25,180(yyyy-mm-dd hh:mm:ss a) [main] TRACE org.hibernate.type.descriptor.sql.BasicExtractor -extracted value ([first_na2_0_] : [VARCHAR]) - [John]
2020-04-13 12:36:25,180(yyyy-mm-dd hh:mm:ss a) [main] TRACE org.hibernate.type.descriptor.sql.BasicExtractor -extracted value ([last_nam3_0_] : [VARCHAR]) - [Paul]
2020-04-13 12:36:25,181(yyyy-mm-dd hh:mm:ss a) [main] TRACE org.hibernate.type.descriptor.sql.BasicExtractor -extracted value ([id1_0_] : [INTEGER]) - [7]
2020-04-13 12:36:25,181(yyyy-mm-dd hh:mm:ss a) [main] TRACE org.hibernate.type.descriptor.sql.BasicExtractor -extracted value ([first_na2_0_] : [VARCHAR]) - [Zara]
2020-04-13 12:36:25,181(yyyy-mm-dd hh:mm:ss a) [main] TRACE org.hibernate.type.descriptor.sql.BasicExtractor -extracted value ([last_nam3_0_] : [VARCHAR]) - [Ali]
2020-04-13 12:36:25,181(yyyy-mm-dd hh:mm:ss a) [main] TRACE org.hibernate.type.descriptor.sql.BasicExtractor -extracted value ([id1_0_] : [INTEGER]) - [8]
2020-04-13 12:36:25,181(yyyy-mm-dd hh:mm:ss a) [main] TRACE org.hibernate.type.descriptor.sql.BasicExtractor -extracted value ([first_na2_0_] : [VARCHAR]) - [Daisy]
2020-04-13 12:36:25,182(yyyy-mm-dd hh:mm:ss a) [main] TRACE org.hibernate.type.descriptor.sql.BasicExtractor -extracted value ([last_nam3_0_] : [VARCHAR]) - [Das]
2020-04-13 12:36:25,182(yyyy-mm-dd hh:mm:ss a) [main] TRACE org.hibernate.type.descriptor.sql.BasicExtractor -extracted value ([id1_0_] : [INTEGER]) - [9]
2020-04-13 12:36:25,182(yyyy-mm-dd hh:mm:ss a) [main] TRACE org.hibernate.type.descriptor.sql.BasicExtractor -extracted value ([first_na2_0_] : [VARCHAR]) - [John]
2020-04-13 12:36:25,182(yyyy-mm-dd hh:mm:ss a) [main] TRACE org.hibernate.type.descriptor.sql.BasicExtractor -extracted value ([last_nam3_0_] : [VARCHAR]) - [Paul]
2020-04-13 12:36:25,183(yyyy-mm-dd hh:mm:ss a) [main] TRACE org.hibernate.type.descriptor.sql.BasicExtractor -extracted value ([id1_0_] : [INTEGER]) - [10]
2020-04-13 12:36:25,183(yyyy-mm-dd hh:mm:ss a) [main] TRACE org.hibernate.type.descriptor.sql.BasicExtractor -extracted value ([first_na2_0_] : [VARCHAR]) - [Zara]
2020-04-13 12:36:25,183(yyyy-mm-dd hh:mm:ss a) [main] TRACE org.hibernate.type.descriptor.sql.BasicExtractor -extracted value ([last_nam3_0_] : [VARCHAR]) - [Ali]
2020-04-13 12:36:25,183(yyyy-mm-dd hh:mm:ss a) [main] TRACE org.hibernate.type.descriptor.sql.BasicExtractor -extracted value ([id1_0_] : [INTEGER]) - [11]
2020-04-13 12:36:25,184(yyyy-mm-dd hh:mm:ss a) [main] TRACE org.hibernate.type.descriptor.sql.BasicExtractor -extracted value ([first_na2_0_] : [VARCHAR]) - [Daisy]
2020-04-13 12:36:25,184(yyyy-mm-dd hh:mm:ss a) [main] TRACE org.hibernate.type.descriptor.sql.BasicExtractor -extracted value ([last_nam3_0_] : [VARCHAR]) - [Das]
2020-04-13 12:36:25,184(yyyy-mm-dd hh:mm:ss a) [main] TRACE org.hibernate.type.descriptor.sql.BasicExtractor -extracted value ([id1_0_] : [INTEGER]) - [12]
2020-04-13 12:36:25,184(yyyy-mm-dd hh:mm:ss a) [main] TRACE org.hibernate.type.descriptor.sql.BasicExtractor -extracted value ([first_na2_0_] : [VARCHAR]) - [John]
2020-04-13 12:36:25,185(yyyy-mm-dd hh:mm:ss a) [main] TRACE org.hibernate.type.descriptor.sql.BasicExtractor -extracted value ([last_nam3_0_] : [VARCHAR]) - [Paul]
2020-04-13 12:36:25,185(yyyy-mm-dd hh:mm:ss a) [main] TRACE org.hibernate.type.descriptor.sql.BasicExtractor -extracted value ([id1_0_] : [INTEGER]) - [13]
2020-04-13 12:36:25,186(yyyy-mm-dd hh:mm:ss a) [main] TRACE org.hibernate.type.descriptor.sql.BasicExtractor -extracted value ([first_na2_0_] : [VARCHAR]) - [Zara]
2020-04-13 12:36:25,186(yyyy-mm-dd hh:mm:ss a) [main] TRACE org.hibernate.type.descriptor.sql.BasicExtractor -extracted value ([last_nam3_0_] : [VARCHAR]) - [Ali]
2020-04-13 12:36:25,186(yyyy-mm-dd hh:mm:ss a) [main] TRACE org.hibernate.type.descriptor.sql.BasicExtractor -extracted value ([id1_0_] : [INTEGER]) - [14]
2020-04-13 12:36:25,187(yyyy-mm-dd hh:mm:ss a) [main] TRACE org.hibernate.type.descriptor.sql.BasicExtractor -extracted value ([first_na2_0_] : [VARCHAR]) - [Daisy]
2020-04-13 12:36:25,187(yyyy-mm-dd hh:mm:ss a) [main] TRACE org.hibernate.type.descriptor.sql.BasicExtractor -extracted value ([last_nam3_0_] : [VARCHAR]) - [Das]
2020-04-13 12:36:25,187(yyyy-mm-dd hh:mm:ss a) [main] TRACE org.hibernate.type.descriptor.sql.BasicExtractor -extracted value ([id1_0_] : [INTEGER]) - [15]
2020-04-13 12:36:25,187(yyyy-mm-dd hh:mm:ss a) [main] TRACE org.hibernate.type.descriptor.sql.BasicExtractor -extracted value ([first_na2_0_] : [VARCHAR]) - [John]
2020-04-13 12:36:25,187(yyyy-mm-dd hh:mm:ss a) [main] TRACE org.hibernate.type.descriptor.sql.BasicExtractor -extracted value ([last_nam3_0_] : [VARCHAR]) - [Paul]
2020-04-13 12:36:25,188(yyyy-mm-dd hh:mm:ss a) [main] TRACE org.hibernate.type.descriptor.sql.BasicExtractor -extracted value ([id1_0_] : [INTEGER]) - [16]
2020-04-13 12:36:25,188(yyyy-mm-dd hh:mm:ss a) [main] TRACE org.hibernate.type.descriptor.sql.BasicExtractor -extracted value ([first_na2_0_] : [VARCHAR]) - [opop]
2020-04-13 12:36:25,188(yyyy-mm-dd hh:mm:ss a) [main] TRACE org.hibernate.type.descriptor.sql.BasicExtractor -extracted value ([last_nam3_0_] : [VARCHAR]) - [Ali]
2020-04-13 12:36:25,188(yyyy-mm-dd hh:mm:ss a) [main] TRACE org.hibernate.type.descriptor.sql.BasicExtractor -extracted value ([id1_0_] : [INTEGER]) - [17]
2020-04-13 12:36:25,188(yyyy-mm-dd hh:mm:ss a) [main] TRACE org.hibernate.type.descriptor.sql.BasicExtractor -extracted value ([first_na2_0_] : [VARCHAR]) - [Daisy]
2020-04-13 12:36:25,189(yyyy-mm-dd hh:mm:ss a) [main] TRACE org.hibernate.type.descriptor.sql.BasicExtractor -extracted value ([last_nam3_0_] : [VARCHAR]) - [Das]
2020-04-13 12:36:25,189(yyyy-mm-dd hh:mm:ss a) [main] TRACE org.hibernate.type.descriptor.sql.BasicExtractor -extracted value ([id1_0_] : [INTEGER]) - [18]
2020-04-13 12:36:25,189(yyyy-mm-dd hh:mm:ss a) [main] TRACE org.hibernate.type.descriptor.sql.BasicExtractor -extracted value ([first_na2_0_] : [VARCHAR]) - [John]
2020-04-13 12:36:25,189(yyyy-mm-dd hh:mm:ss a) [main] TRACE org.hibernate.type.descriptor.sql.BasicExtractor -extracted value ([last_nam3_0_] : [VARCHAR]) - [Paul]
2020-04-13 12:36:25,190(yyyy-mm-dd hh:mm:ss a) [main] TRACE org.hibernate.type.descriptor.sql.BasicExtractor -extracted value ([id1_0_] : [INTEGER]) - [19]
2020-04-13 12:36:25,190(yyyy-mm-dd hh:mm:ss a) [main] TRACE org.hibernate.type.descriptor.sql.BasicExtractor -extracted value ([first_na2_0_] : [VARCHAR]) - [Zara]
2020-04-13 12:36:25,190(yyyy-mm-dd hh:mm:ss a) [main] TRACE org.hibernate.type.descriptor.sql.BasicExtractor -extracted value ([last_nam3_0_] : [VARCHAR]) - [Ali]
2020-04-13 12:36:25,190(yyyy-mm-dd hh:mm:ss a) [main] TRACE org.hibernate.type.descriptor.sql.BasicExtractor -extracted value ([id1_0_] : [INTEGER]) - [20]
2020-04-13 12:36:25,191(yyyy-mm-dd hh:mm:ss a) [main] TRACE org.hibernate.type.descriptor.sql.BasicExtractor -extracted value ([first_na2_0_] : [VARCHAR]) - [Daisy]
2020-04-13 12:36:25,191(yyyy-mm-dd hh:mm:ss a) [main] TRACE org.hibernate.type.descriptor.sql.BasicExtractor -extracted value ([last_nam3_0_] : [VARCHAR]) - [Das]
2020-04-13 12:36:25,191(yyyy-mm-dd hh:mm:ss a) [main] TRACE org.hibernate.type.descriptor.sql.BasicExtractor -extracted value ([id1_0_] : [INTEGER]) - [21]
2020-04-13 12:36:25,191(yyyy-mm-dd hh:mm:ss a) [main] TRACE org.hibernate.type.descriptor.sql.BasicExtractor -extracted value ([first_na2_0_] : [VARCHAR]) - [John]
2020-04-13 12:36:25,191(yyyy-mm-dd hh:mm:ss a) [main] TRACE org.hibernate.type.descriptor.sql.BasicExtractor -extracted value ([last_nam3_0_] : [VARCHAR]) - [Paul]
2020-04-13 12:36:25,192(yyyy-mm-dd hh:mm:ss a) [main] TRACE org.hibernate.type.descriptor.sql.BasicExtractor -extracted value ([id1_0_] : [INTEGER]) - [22]
2020-04-13 12:36:25,192(yyyy-mm-dd hh:mm:ss a) [main] TRACE org.hibernate.type.descriptor.sql.BasicExtractor -extracted value ([first_na2_0_] : [VARCHAR]) - [opop]
2020-04-13 12:36:25,192(yyyy-mm-dd hh:mm:ss a) [main] TRACE org.hibernate.type.descriptor.sql.BasicExtractor -extracted value ([last_nam3_0_] : [VARCHAR]) - [Ali]
2020-04-13 12:36:25,192(yyyy-mm-dd hh:mm:ss a) [main] TRACE org.hibernate.type.descriptor.sql.BasicExtractor -extracted value ([id1_0_] : [INTEGER]) - [23]
2020-04-13 12:36:25,193(yyyy-mm-dd hh:mm:ss a) [main] TRACE org.hibernate.type.descriptor.sql.BasicExtractor -extracted value ([first_na2_0_] : [VARCHAR]) - [Daisy]
2020-04-13 12:36:25,193(yyyy-mm-dd hh:mm:ss a) [main] TRACE org.hibernate.type.descriptor.sql.BasicExtractor -extracted value ([last_nam3_0_] : [VARCHAR]) - [Das]
2020-04-13 12:36:25,193(yyyy-mm-dd hh:mm:ss a) [main] TRACE org.hibernate.type.descriptor.sql.BasicExtractor -extracted value ([id1_0_] : [INTEGER]) - [24]
2020-04-13 12:36:25,193(yyyy-mm-dd hh:mm:ss a) [main] TRACE org.hibernate.type.descriptor.sql.BasicExtractor -extracted value ([first_na2_0_] : [VARCHAR]) - [John]
2020-04-13 12:36:25,194(yyyy-mm-dd hh:mm:ss a) [main] TRACE org.hibernate.type.descriptor.sql.BasicExtractor -extracted value ([last_nam3_0_] : [VARCHAR]) - [Paul]
2020-04-13 12:36:25,194(yyyy-mm-dd hh:mm:ss a) [main] TRACE org.hibernate.type.descriptor.sql.BasicExtractor -extracted value ([id1_0_] : [INTEGER]) - [25]
2020-04-13 12:36:25,194(yyyy-mm-dd hh:mm:ss a) [main] TRACE org.hibernate.type.descriptor.sql.BasicExtractor -extracted value ([first_na2_0_] : [VARCHAR]) - [opop]
2020-04-13 12:36:25,194(yyyy-mm-dd hh:mm:ss a) [main] TRACE org.hibernate.type.descriptor.sql.BasicExtractor -extracted value ([last_nam3_0_] : [VARCHAR]) - [Ali]
2020-04-13 12:36:25,195(yyyy-mm-dd hh:mm:ss a) [main] TRACE org.hibernate.type.descriptor.sql.BasicExtractor -extracted value ([id1_0_] : [INTEGER]) - [26]
2020-04-13 12:36:25,195(yyyy-mm-dd hh:mm:ss a) [main] TRACE org.hibernate.type.descriptor.sql.BasicExtractor -extracted value ([first_na2_0_] : [VARCHAR]) - [Daisy]
2020-04-13 12:36:25,195(yyyy-mm-dd hh:mm:ss a) [main] TRACE org.hibernate.type.descriptor.sql.BasicExtractor -extracted value ([last_nam3_0_] : [VARCHAR]) - [Das]
2020-04-13 12:36:25,195(yyyy-mm-dd hh:mm:ss a) [main] TRACE org.hibernate.type.descriptor.sql.BasicExtractor -extracted value ([id1_0_] : [INTEGER]) - [27]
2020-04-13 12:36:25,195(yyyy-mm-dd hh:mm:ss a) [main] TRACE org.hibernate.type.descriptor.sql.BasicExtractor -extracted value ([first_na2_0_] : [VARCHAR]) - [John]
2020-04-13 12:36:25,196(yyyy-mm-dd hh:mm:ss a) [main] TRACE org.hibernate.type.descriptor.sql.BasicExtractor -extracted value ([last_nam3_0_] : [VARCHAR]) - [Paul]
2020-04-13 12:36:25,196(yyyy-mm-dd hh:mm:ss a) [main] TRACE org.hibernate.type.descriptor.sql.BasicExtractor -extracted value ([id1_0_] : [INTEGER]) - [28]
2020-04-13 12:36:25,196(yyyy-mm-dd hh:mm:ss a) [main] TRACE org.hibernate.type.descriptor.sql.BasicExtractor -extracted value ([first_na2_0_] : [VARCHAR]) - [opop]
2020-04-13 12:36:25,196(yyyy-mm-dd hh:mm:ss a) [main] TRACE org.hibernate.type.descriptor.sql.BasicExtractor -extracted value ([last_nam3_0_] : [VARCHAR]) - [Ali]
2020-04-13 12:36:25,196(yyyy-mm-dd hh:mm:ss a) [main] TRACE org.hibernate.type.descriptor.sql.BasicExtractor -extracted value ([id1_0_] : [INTEGER]) - [29]
2020-04-13 12:36:25,197(yyyy-mm-dd hh:mm:ss a) [main] TRACE org.hibernate.type.descriptor.sql.BasicExtractor -extracted value ([first_na2_0_] : [VARCHAR]) - [Daisy]
2020-04-13 12:36:25,197(yyyy-mm-dd hh:mm:ss a) [main] TRACE org.hibernate.type.descriptor.sql.BasicExtractor -extracted value ([last_nam3_0_] : [VARCHAR]) - [Das]
2020-04-13 12:36:25,197(yyyy-mm-dd hh:mm:ss a) [main] TRACE org.hibernate.type.descriptor.sql.BasicExtractor -extracted value ([id1_0_] : [INTEGER]) - [30]
2020-04-13 12:36:25,198(yyyy-mm-dd hh:mm:ss a) [main] TRACE org.hibernate.type.descriptor.sql.BasicExtractor -extracted value ([first_na2_0_] : [VARCHAR]) - [John]
2020-04-13 12:36:25,198(yyyy-mm-dd hh:mm:ss a) [main] TRACE org.hibernate.type.descriptor.sql.BasicExtractor -extracted value ([last_nam3_0_] : [VARCHAR]) - [Paul]
2020-04-13 12:36:25,198(yyyy-mm-dd hh:mm:ss a) [main] TRACE org.hibernate.type.descriptor.sql.BasicExtractor -extracted value ([id1_0_] : [INTEGER]) - [31]
2020-04-13 12:36:25,198(yyyy-mm-dd hh:mm:ss a) [main] TRACE org.hibernate.type.descriptor.sql.BasicExtractor -extracted value ([first_na2_0_] : [VARCHAR]) - [opop]
2020-04-13 12:36:25,198(yyyy-mm-dd hh:mm:ss a) [main] TRACE org.hibernate.type.descriptor.sql.BasicExtractor -extracted value ([last_nam3_0_] : [VARCHAR]) - [Ali]
2020-04-13 12:36:25,199(yyyy-mm-dd hh:mm:ss a) [main] TRACE org.hibernate.type.descriptor.sql.BasicExtractor -extracted value ([id1_0_] : [INTEGER]) - [32]
2020-04-13 12:36:25,199(yyyy-mm-dd hh:mm:ss a) [main] TRACE org.hibernate.type.descriptor.sql.BasicExtractor -extracted value ([first_na2_0_] : [VARCHAR]) - [Daisy]
2020-04-13 12:36:25,199(yyyy-mm-dd hh:mm:ss a) [main] TRACE org.hibernate.type.descriptor.sql.BasicExtractor -extracted value ([last_nam3_0_] : [VARCHAR]) - [Das]
2020-04-13 12:36:25,199(yyyy-mm-dd hh:mm:ss a) [main] TRACE org.hibernate.type.descriptor.sql.BasicExtractor -extracted value ([id1_0_] : [INTEGER]) - [33]
2020-04-13 12:36:25,200(yyyy-mm-dd hh:mm:ss a) [main] TRACE org.hibernate.type.descriptor.sql.BasicExtractor -extracted value ([first_na2_0_] : [VARCHAR]) - [John]
2020-04-13 12:36:25,200(yyyy-mm-dd hh:mm:ss a) [main] TRACE org.hibernate.type.descriptor.sql.BasicExtractor -extracted value ([last_nam3_0_] : [VARCHAR]) - [Paul]
2020-04-13 12:36:25,200(yyyy-mm-dd hh:mm:ss a) [main] TRACE org.hibernate.type.descriptor.sql.BasicExtractor -extracted value ([id1_0_] : [INTEGER]) - [34]
2020-04-13 12:36:25,200(yyyy-mm-dd hh:mm:ss a) [main] TRACE org.hibernate.type.descriptor.sql.BasicExtractor -extracted value ([first_na2_0_] : [VARCHAR]) - [opop]
2020-04-13 12:36:25,200(yyyy-mm-dd hh:mm:ss a) [main] TRACE org.hibernate.type.descriptor.sql.BasicExtractor -extracted value ([last_nam3_0_] : [VARCHAR]) - [Ali]
2020-04-13 12:36:25,201(yyyy-mm-dd hh:mm:ss a) [main] TRACE org.hibernate.type.descriptor.sql.BasicExtractor -extracted value ([id1_0_] : [INTEGER]) - [35]
2020-04-13 12:36:25,201(yyyy-mm-dd hh:mm:ss a) [main] TRACE org.hibernate.type.descriptor.sql.BasicExtractor -extracted value ([first_na2_0_] : [VARCHAR]) - [Daisy]
2020-04-13 12:36:25,201(yyyy-mm-dd hh:mm:ss a) [main] TRACE org.hibernate.type.descriptor.sql.BasicExtractor -extracted value ([last_nam3_0_] : [VARCHAR]) - [Das]
2020-04-13 12:36:25,201(yyyy-mm-dd hh:mm:ss a) [main] TRACE org.hibernate.type.descriptor.sql.BasicExtractor -extracted value ([id1_0_] : [INTEGER]) - [36]
2020-04-13 12:36:25,201(yyyy-mm-dd hh:mm:ss a) [main] TRACE org.hibernate.type.descriptor.sql.BasicExtractor -extracted value ([first_na2_0_] : [VARCHAR]) - [John]
2020-04-13 12:36:25,202(yyyy-mm-dd hh:mm:ss a) [main] TRACE org.hibernate.type.descriptor.sql.BasicExtractor -extracted value ([last_nam3_0_] : [VARCHAR]) - [Paul]
2020-04-13 12:36:25,202(yyyy-mm-dd hh:mm:ss a) [main] TRACE org.hibernate.type.descriptor.sql.BasicExtractor -extracted value ([id1_0_] : [INTEGER]) - [37]
2020-04-13 12:36:25,202(yyyy-mm-dd hh:mm:ss a) [main] TRACE org.hibernate.type.descriptor.sql.BasicExtractor -extracted value ([first_na2_0_] : [VARCHAR]) - [Zara]
2020-04-13 12:36:25,202(yyyy-mm-dd hh:mm:ss a) [main] TRACE org.hibernate.type.descriptor.sql.BasicExtractor -extracted value ([last_nam3_0_] : [VARCHAR]) - [Ali]
2020-04-13 12:36:25,202(yyyy-mm-dd hh:mm:ss a) [main] TRACE org.hibernate.type.descriptor.sql.BasicExtractor -extracted value ([id1_0_] : [INTEGER]) - [38]
2020-04-13 12:36:25,203(yyyy-mm-dd hh:mm:ss a) [main] TRACE org.hibernate.type.descriptor.sql.BasicExtractor -extracted value ([first_na2_0_] : [VARCHAR]) - [Daisy]
2020-04-13 12:36:25,203(yyyy-mm-dd hh:mm:ss a) [main] TRACE org.hibernate.type.descriptor.sql.BasicExtractor -extracted value ([last_nam3_0_] : [VARCHAR]) - [Das]
2020-04-13 12:36:25,203(yyyy-mm-dd hh:mm:ss a) [main] TRACE org.hibernate.type.descriptor.sql.BasicExtractor -extracted value ([id1_0_] : [INTEGER]) - [39]
2020-04-13 12:36:25,203(yyyy-mm-dd hh:mm:ss a) [main] TRACE org.hibernate.type.descriptor.sql.BasicExtractor -extracted value ([first_na2_0_] : [VARCHAR]) - [John]
2020-04-13 12:36:25,203(yyyy-mm-dd hh:mm:ss a) [main] TRACE org.hibernate.type.descriptor.sql.BasicExtractor -extracted value ([last_nam3_0_] : [VARCHAR]) - [Paul]
2020-04-13 12:36:25,387(yyyy-mm-dd hh:mm:ss a) [main] DEBUG org.hibernate.SQL -select usermodel0_.id as id1_0_0_, usermodel0_.first_name as first_na2_0_0_, usermodel0_.last_name as last_nam3_0_0_ from userRegister usermodel0_ where usermodel0_.id=?
2020-04-13 12:36:25,388(yyyy-mm-dd hh:mm:ss a) [main] TRACE org.hibernate.type.descriptor.sql.BasicBinder -binding parameter [1] as [INTEGER] - [37]
2020-04-13 12:36:25,393(yyyy-mm-dd hh:mm:ss a) [main] TRACE org.hibernate.type.descriptor.sql.BasicExtractor -extracted value ([first_na2_0_0_] : [VARCHAR]) - [Zara]
2020-04-13 12:36:25,393(yyyy-mm-dd hh:mm:ss a) [main] TRACE org.hibernate.type.descriptor.sql.BasicExtractor -extracted value ([last_nam3_0_0_] : [VARCHAR]) - [Ali]
2020-04-13 12:36:25,396(yyyy-mm-dd hh:mm:ss a) [main] DEBUG org.hibernate.SQL -update userRegister set first_name=?, last_name=? where id=?
2020-04-13 12:36:25,396(yyyy-mm-dd hh:mm:ss a) [main] TRACE org.hibernate.type.descriptor.sql.BasicBinder -binding parameter [1] as [VARCHAR] - [opop]
2020-04-13 12:36:25,397(yyyy-mm-dd hh:mm:ss a) [main] TRACE org.hibernate.type.descriptor.sql.BasicBinder -binding parameter [2] as [VARCHAR] - [Ali]
2020-04-13 12:36:25,397(yyyy-mm-dd hh:mm:ss a) [main] TRACE org.hibernate.type.descriptor.sql.BasicBinder -binding parameter [3] as [INTEGER] - [37]
2020-04-13 12:36:25,617(yyyy-mm-dd hh:mm:ss a) [main] DEBUG org.hibernate.SQL -select usermodel0_.id as id1_0_0_, usermodel0_.first_name as first_na2_0_0_, usermodel0_.last_name as last_nam3_0_0_ from userRegister usermodel0_ where usermodel0_.id=?
2020-04-13 12:36:25,617(yyyy-mm-dd hh:mm:ss a) [main] TRACE org.hibernate.type.descriptor.sql.BasicBinder -binding parameter [1] as [INTEGER] - [2]
2020-04-13 12:36:25,618(yyyy-mm-dd hh:mm:ss a) [main] INFO  com.savan.main.UserRegisterMain -success...
